12
32
14
123
32
12
123
123
maths: mathsM
physics: phyM
chemistry: chemM
english: engM
LR/DI: ldM
maths: 21
physics: 134
chemistry: 5613
english: afx
LR/DI: 4134
------------------------------
2023-10-20 42
maths: 12
physics: 312
chemistry: 123
english: 3121324
LR/DI: 412
------------------------------
2023-10-20 42
maths: 12312
physics: 312
chemistry: 123
english: 312
LR/DI: 123
------------------------------
Date: 2023-10-20 Week:42
maths: 12
physics: 32
chemistry: 12
english: 342
LR/DI: 123
------------------------------
Date: 2023-10-20 Week:42
maths: 12
physics: 21
chemistry: 12
english: 21
LR/DI: 12
------------------------------
Date: 2023-10-20 Week:42
maths: 1212
physics: 12
chemistry: 121
english: 2
LR/DI: 1
------------------------------
Date: 2023-10-20 Week:42
maths: 12
physics: 21
chemistry: 12
english: 21
LR/DI: 12
Average: 
------------------------------
Date: 2023-10-20 Week:42
maths: 12
physics: 21
chemistry: 12
english: 21
LR/DI: 12
Average: 
------------------------------
Date: 2023-10-20 Week:42
maths: 20
physics: 30
chemistry: 50
english: 60
LR/DI: 70
Average: 
------------------------------
Date: 2023-10-20 Week:42
maths: 12
physics: 21
chemistry: 12
english: 21
LR/DI: 12
Average: 3
------------------------------
Date: 2023-10-20 Week:42
maths: 12
physics: 12
chemistry: 12
english: 12
LR/DI: 12
Average: 12
------------------------------
Date: 2023-10-20 Week:42
maths: 12
physics: 32
chemistry: 12
english: 32
LR/DI: 43
Average: 26
